#
# There is insufficient memory for the Java Runtime Environment to continue.
# Native memory allocation (mmap) failed to map 2147483648 bytes. Error detail: G1 virtual space
# Possible reasons:
#   The system is out of physical RAM or swap space
#   This process is running with CompressedOops enabled, and the Java Heap may be blocking the growth of the native heap
# Possible solutions:
#   Reduce memory load on the system
#   Increase physical memory or swap space
#   Check if swap backing store is full
#   Decrease Java heap size (-Xmx/-Xms)
#   Decrease number of Java threads
#   Decrease Java thread stack sizes (-Xss)
#   Set larger code cache with -XX:ReservedCodeCacheSize=
#   JVM is running with Zero Based Compressed Oops mode in which the Java heap is
#     placed in the first 32GB address space. The Java Heap base address is the
#     maximum limit for the native heap growth. Please use -XX:HeapBaseMinAddress
#     to set the Java Heap base and to place the Java Heap above 32GB virtual address.
# This output file may be truncated or incomplete.
#
#  Out of Memory Error (os_windows.cpp:3898), pid=100028, tid=54136
#
# JRE version:  (21.0.7+9) (build )
# Java VM: OpenJDK 64-Bit Server VM (21.0.7+9-b895.130, mixed mode, sharing, tiered, compressed oops, compressed class ptrs, g1 gc, windows-amd64)
# No core dump will be written. Minidumps are not enabled by default on client versions of Windows
#

---------------  S U M M A R Y ------------

Command Line: git4idea.http.GitAskPassApp Username for 'https://github.com': 

Host: Intel(R) Core(TM) i7-14700F, 28 cores, 127G,  Windows 11 , 64 bit Build 26100 (10.0.26100.4768)
Time: Thu Jul 31 16:57:07 2025 Central Daylight Time elapsed time: 2.011654 seconds (0d 0h 0m 2s)

---------------  T H R E A D  ---------------

Current thread (0x0000017373d14580):  JavaThread "Unknown thread" [_thread_in_vm, id=54136, stack(0x0000000ec7800000,0x0000000ec7900000) (1024K)]

Stack: [0x0000000ec7800000,0x0000000ec7900000]
Native frames: (J=compiled Java code, j=interpreted, Vv=VM code, C=native code)
V  [jvm.dll+0x6e6049]
V  [jvm.dll+0x8c4343]
V  [jvm.dll+0x8c689e]
V  [jvm.dll+0x8c6f83]
V  [jvm.dll+0x289266]
V  [jvm.dll+0x6e28c5]
V  [jvm.dll+0x6d634a]
V  [jvm.dll+0x36388b]
V  [jvm.dll+0x36b456]
V  [jvm.dll+0x3bd7e6]
V  [jvm.dll+0x3bdab8]
V  [jvm.dll+0x335fdc]
V  [jvm.dll+0x336ccb]
V  [jvm.dll+0x88b7a9]
V  [jvm.dll+0x3ca9b8]
V  [jvm.dll+0x8747f8]
V  [jvm.dll+0x45f3ce]
V  [jvm.dll+0x4610b1]
C  [jli.dll+0x52ab]
C  [ucrtbase.dll+0x37b0]
C  [KERNEL32.DLL+0x2e8d7]
C  [ntdll.dll+0x3c34c]


---------------  P R O C E S S  ---------------

Threads class SMR info:
_java_thread_list=0x00007ff8ca9fb148, length=0, elements={
}

Java Threads: ( => current thread )
Total: 0

Other Threads:
  0x000001737b44d750 WorkerThread "GC Thread#0"                     [id=5648, stack(0x0000000ec7900000,0x0000000ec7a00000) (1024K)]
  0x00000173763c43e0 ConcurrentGCThread "G1 Main Marker"            [id=58012, stack(0x0000000ec7a00000,0x0000000ec7b00000) (1024K)]
  0x00000173763c65a0 WorkerThread "G1 Conc#0"                       [id=40752, stack(0x0000000ec7b00000,0x0000000ec7c00000) (1024K)]

[error occurred during error reporting (printing all threads), id 0xc0000005, EXCEPTION_ACCESS_VIOLATION (0xc0000005) at pc=0x00007ff8ca0e90b7]
VM state: not at safepoint (not fully initialized)

VM Mutex/Monitor currently owned by a thread:  ([mutex/lock_event])
[0x00007ff8caa6fab8] Heap_lock - owner thread: 0x0000017373d14580

Heap address: 0x00000000a0000000, size: 30208 MB, Compressed Oops mode: Zero based, Oop shift amount: 3

CDS archive(s) mapped at: [0x0000000000000000-0x0000000000000000-0x0000000000000000), size 0, SharedBaseAddress: 0x0000000800000000, ArchiveRelocationMode: 1.
Narrow klass base: 0x0000000000000000, Narrow klass shift: 0, Narrow klass range: 0x0

GC Precious Log:
 CardTable entry size: 512
 Card Set container configuration: InlinePtr #cards 3 size 8 Array Of Cards #cards 128 size 272 Howl #buckets 8 coarsen threshold 29491 Howl Bitmap #cards 4096 size 528 coarsen threshold 3686 Card regions per heap region 1 cards per card region 32768

Heap:
 garbage-first heap   total 0K, used 0K [0x00000000a0000000, 0x0000000800000000)
  region size 16384K, 0 young (0K), 0 survivors (0K)
 Metaspace       used 0K, committed 0K, reserved 0K
  class space    used 0K, committed 0K, reserved 0K

Heap Regions: E=young(eden), S=young(survivor), O=old, HS=humongous(starts), HC=humongous(continues), CS=collection set, F=free, TAMS=top-at-mark-start, PB=parsable bottom

Card table byte_map: [0x000001730f000000,0x0000017312b00000] _byte_map_base: 0x000001730eb00000

Marking Bits: (CMBitMap*) 0x00000173763b41e0
 Bits: [0x0000017312b00000, 0x0000017330300000)

GC Heap History (0 events):
No events

Dll operation events (1 events):
Event: 0.005 Loaded shared library C:\Users\egmck\AppData\Local\Programs\WebStorm\jbr\bin\java.dll

Deoptimization events (0 events):
No events

Classes loaded (0 events):
No events

Classes unloaded (0 events):
No events

Classes redefined (0 events):
No events

Internal exceptions (0 events):
No events

ZGC Phase Switch (0 events):
No events

VM Operations (0 events):
No events

Memory protections (0 events):
No events

Nmethod flushes (0 events):
No events

Events (0 events):
No events


Dynamic libraries:
0x00007ff611630000 - 0x00007ff61163a000 	C:\Users\egmck\AppData\Local\Programs\WebStorm\jbr\bin\java.exe
0x00007ff9af300000 - 0x00007ff9af567000 	C:\WINDOWS\SYSTEM32\ntdll.dll
0x00007ff987010000 - 0x00007ff987030000 	C:\Program Files\Norton\Suite\aswhook.dll
0x00007ff9ae860000 - 0x00007ff9ae929000 	C:\WINDOWS\System32\KERNEL32.DLL
0x00007ff9acbd0000 - 0x00007ff9acfc0000 	C:\WINDOWS\System32\KERNELBASE.dll
0x00007ff9ac4e0000 - 0x00007ff9ac62b000 	C:\WINDOWS\System32\ucrtbase.dll
0x00007ff98f4f0000 - 0x00007ff98f50b000 	C:\Users\egmck\AppData\Local\Programs\WebStorm\jbr\bin\VCRUNTIME140.dll
0x00007ff98e280000 - 0x00007ff98e298000 	C:\Users\egmck\AppData\Local\Programs\WebStorm\jbr\bin\jli.dll
0x00007ff9ad980000 - 0x00007ff9adb45000 	C:\WINDOWS\System32\USER32.dll
0x00007ff989d00000 - 0x00007ff989f9a000 	C:\WINDOWS\WinSxS\amd64_microsoft.windows.common-controls_6595b64144ccf1df_6.0.26100.4768_none_3e0c112ce331287c\COMCTL32.dll
0x00007ff9ac840000 - 0x00007ff9ac867000 	C:\WINDOWS\System32\win32u.dll
0x00007ff9adfd0000 - 0x00007ff9adffb000 	C:\WINDOWS\System32\GDI32.dll
0x00007ff9ad200000 - 0x00007ff9ad2a9000 	C:\WINDOWS\System32\msvcrt.dll
0x00007ff9ac910000 - 0x00007ff9aca48000 	C:\WINDOWS\System32\gdi32full.dll
0x00007ff9ac430000 - 0x00007ff9ac4d3000 	C:\WINDOWS\System32\msvcp_win.dll
0x00007ff9ae080000 - 0x00007ff9ae0af000 	C:\WINDOWS\System32\IMM32.DLL
0x00007ff990000000 - 0x00007ff99000c000 	C:\Users\egmck\AppData\Local\Programs\WebStorm\jbr\bin\vcruntime140_1.dll
0x00007ff97abe0000 - 0x00007ff97ac6d000 	C:\Users\egmck\AppData\Local\Programs\WebStorm\jbr\bin\msvcp140.dll
0x00007ff8c9da0000 - 0x00007ff8cab61000 	C:\Users\egmck\AppData\Local\Programs\WebStorm\jbr\bin\server\jvm.dll
0x00007ff9ad2b0000 - 0x00007ff9ad364000 	C:\WINDOWS\System32\ADVAPI32.dll
0x00007ff9adc70000 - 0x00007ff9add16000 	C:\WINDOWS\System32\sechost.dll
0x00007ff9adb50000 - 0x00007ff9adc68000 	C:\WINDOWS\System32\RPCRT4.dll
0x00007ff9ae000000 - 0x00007ff9ae074000 	C:\WINDOWS\System32\WS2_32.dll
0x00007ff9aafd0000 - 0x00007ff9ab02e000 	C:\WINDOWS\SYSTEM32\POWRPROF.dll
0x00007ff9a3770000 - 0x00007ff9a37a5000 	C:\WINDOWS\SYSTEM32\WINMM.dll
0x00007ff9a4b40000 - 0x00007ff9a4b4b000 	C:\WINDOWS\SYSTEM32\VERSION.dll
0x00007ff9aafb0000 - 0x00007ff9aafc4000 	C:\WINDOWS\SYSTEM32\UMPDC.dll
0x00007ff9ab290000 - 0x00007ff9ab2ab000 	C:\WINDOWS\SYSTEM32\kernel.appcore.dll
0x00007ff98fe90000 - 0x00007ff98fe9a000 	C:\Users\egmck\AppData\Local\Programs\WebStorm\jbr\bin\jimage.dll
0x00007ff9a3a00000 - 0x00007ff9a3c41000 	C:\WINDOWS\SYSTEM32\DBGHELP.DLL
0x00007ff9ae340000 - 0x00007ff9ae6c5000 	C:\WINDOWS\System32\combase.dll
0x00007ff9ad370000 - 0x00007ff9ad450000 	C:\WINDOWS\System32\OLEAUT32.dll
0x00007ff9a38f0000 - 0x00007ff9a3933000 	C:\WINDOWS\SYSTEM32\dbgcore.DLL
0x00007ff9ac870000 - 0x00007ff9ac909000 	C:\WINDOWS\System32\bcryptPrimitives.dll
0x00007ff98e500000 - 0x00007ff98e520000 	C:\Users\egmck\AppData\Local\Programs\WebStorm\jbr\bin\java.dll

dbghelp: loaded successfully - version: 4.0.5 - missing functions: none
symbol engine: initialized successfully - sym options: 0x614 - pdb path: .;C:\Users\egmck\AppData\Local\Programs\WebStorm\jbr\bin;C:\WINDOWS\SYSTEM32;C:\Program Files\Norton\Suite;C:\WINDOWS\WinSxS\amd64_microsoft.windows.common-controls_6595b64144ccf1df_6.0.26100.4768_none_3e0c112ce331287c;C:\Users\egmck\AppData\Local\Programs\WebStorm\jbr\bin\server

VM Arguments:
java_command: git4idea.http.GitAskPassApp Username for 'https://github.com': 
java_class_path (initial): C:/Users/egmck/AppData/Local/Programs/WebStorm/plugins/vcs-git/lib/git4idea-rt.jar;C:/Users/egmck/AppData/Local/Programs/WebStorm/lib/externalProcess-rt.jar
Launcher Type: SUN_STANDARD

[Global flags]
     intx CICompilerCount                          = 12                                        {product} {ergonomic}
     uint ConcGCThreads                            = 5                                         {product} {ergonomic}
     uint G1ConcRefinementThreads                  = 20                                        {product} {ergonomic}
   size_t G1HeapRegionSize                         = 16777216                                  {product} {ergonomic}
    uintx GCDrainStackTargetSize                   = 64                                        {product} {ergonomic}
   size_t InitialHeapSize                          = 2147483648                                {product} {ergonomic}
   size_t MarkStackSize                            = 4194304                                   {product} {ergonomic}
   size_t MaxHeapSize                              = 31675383808                               {product} {ergonomic}
   size_t MinHeapDeltaBytes                        = 16777216                                  {product} {ergonomic}
   size_t MinHeapSize                              = 16777216                                  {product} {ergonomic}
    uintx NonNMethodCodeHeapSize                   = 7602480                                {pd product} {ergonomic}
    uintx NonProfiledCodeHeapSize                  = 122027880                              {pd product} {ergonomic}
    uintx ProfiledCodeHeapSize                     = 122027880                              {pd product} {ergonomic}
    uintx ReservedCodeCacheSize                    = 251658240                              {pd product} {ergonomic}
     bool SegmentedCodeCache                       = true                                      {product} {ergonomic}
   size_t SoftMaxHeapSize                          = 31675383808                            {manageable} {ergonomic}
     bool UseCompressedOops                        = true                           {product lp64_product} {ergonomic}
     bool UseG1GC                                  = true                                      {product} {ergonomic}
     bool UseLargePagesIndividualAllocation        = false                                  {pd product} {ergonomic}

Logging:
Log output configuration:
 #0: stdout all=warning uptime,level,tags foldmultilines=false
 #1: stderr all=off uptime,level,tags foldmultilines=false

Environment Variables:
PATH=C:/Program Files/Git/mingw64/libexec/git-core;C:/Program Files/Git/mingw64/libexec/git-core;C:\Program Files\Git\mingw64\bin;C:\Program Files\Git\usr\bin;C:\Users\egmck\bin;C:\Program Files\Common Files\Oracle\Java\javapath;C:\Program Files (x86)\VMware\VMware Workstation\bin;C:\WINDOWS\system32;C:\WINDOWS;C:\WINDOWS\System32\Wbem;C:\WINDOWS\System32\WindowsPowerShell\v1.0;C:\WINDOWS\System32\OpenSSH;C:\Program Files (x86)\NVIDIA Corporation\PhysX\Common;C:\Program Files\NVIDIA Corporation\NVIDIA app\NvDLISR;C:\Program Files\Microsoft SQL Server\150\Tools\Binn;C:\Program Files\Microsoft SQL Server\Client SDK\ODBC\170\Tools\Binn;C:\Program Files (x86)\Windows Kits\10\Windows Performance Toolkit;C:\Program Files\nodejs;C:\ProgramData\chocolatey\bin;C:\Program Files\PuTTY;C:\Program Files\dotnet;C:\Program Files\Git\cmd;C:\Users\egmck\AppData\Local\Programs\Python\Python313\Scripts;C:\Users\egmck\AppData\Local\Programs\Python\Python313;C:\Users\egmck\AppData\Local\Programs\Python\Launcher;C:\Users\egmck\AppData\Local\Microsoft\WindowsApps;C:\Users\egmck\.dotnet\tools;C:\Users\egmck\AppData\Local\JetBrains\Toolbox\scripts;C:\Users\egmck\AppData\Roaming\npm;C:\Users\egmck\.dotnet\tools;C:\Users\egmck\AppData\Local\GitHubDesktop\bin;C:\Users\egmck\AppData\Local\Programs\Microsoft VS Code\bin
USERNAME=egmck
DISPLAY=:0.0
LC_ALL=en_US.UTF-8
TERM=xterm-256color
TMPDIR=C:\Users\egmck\AppData\Local\Temp
OS=Windows_NT
PROCESSOR_IDENTIFIER=Intel64 Family 6 Model 183 Stepping 1, GenuineIntel
TMP=C:\Users\egmck\AppData\Local\Temp
TEMP=C:\Users\egmck\AppData\Local\Temp




Periodic native trim disabled

JNI global refs:
JNI global refs: 0, weak refs: 0

JNI global refs memory usage: 0, weak refs: 0

Process memory usage:
Resident Set Size: 14412K (0% of 134042432K total physical memory with 43300748K free physical memory)

OOME stack traces (most recent first):
Classloader memory used:

---------------  S Y S T E M  ---------------

OS:
 Windows 11 , 64 bit Build 26100 (10.0.26100.4768)
OS uptime: 7 days 15:25 hours
Hyper-V role detected

CPU: total 28 (initial active 28) (14 cores per cpu, 2 threads per core) family 6 model 183 stepping 1 microcode 0x129, cx8, cmov, fxsr, ht, mmx, 3dnowpref, sse, sse2, sse3, ssse3, sse4.1, sse4.2, popcnt, lzcnt, tsc, tscinvbit, avx, avx2, aes, erms, clmul, bmi1, bmi2, adx, sha, fma, vzeroupper, clflush, clflushopt, clwb, hv, serialize, rdtscp, rdpid, fsrm, f16c, cet_ibt, cet_ss
Processor Information for the first 28 processors :
  Max Mhz: 2100, Current Mhz: 2100, Mhz Limit: 2100

Memory: 4k page, system-wide physical 130900M (42285M free)
TotalPageFile size 315633M (AvailPageFile size 2049M)
current process WorkingSet (physical memory assigned to process): 14M, peak: 14M
current process commit charge ("private bytes"): 87M, peak: 2135M

vm_info: OpenJDK 64-Bit Server VM (21.0.7+9-b895.130) for windows-amd64 JRE (21.0.7+9-b895.130), built on 2025-05-13 by "builduser" with MS VC++ 16.10 / 16.11 (VS2019)

END.
